>> Communicator.send(['Watch duel', ...]);
Interesting message: Watch duel ["Turn pick", "simonlindholm3", "0/1.jpg", "", "255", "255", "100", "0", "false", "simonlindholm2", "0/1.jpg", "", "255", "255", "100", "0", "false", "simonlindholm,0"]
Interesting message: Turn pick ["simonlindholm3"]
Interesting message: Duel start ["40", "0", "0", "0", "44", "40", "0", "0"]
Interesting message: Duel ["Move", "hand1", "1", "field1", "8", "false", "false", "", "", "74", "98719226", "Alien Warrior", "55.scf", "Alien Warrior", "effect", "Reptile/Effect", "earth", "When this card is destr...mage calculation only.)", "1800", "1000", "4", "3", "", "", ""]
Interesting message: Duel ["Phase", "et", "simonlindholm3"]
Interesting message: Duel ["Phase", "dp", "simonlindholm2", "true"]
Interesting message: Duel ["Move", "hand2", "45", "field2", "8", "false", "false", "", "", "3518", "67300516", "Red-Eyes Wyvern", "3344.scf", "Red-Eyes Wyvern", "effect", "Dragon/Effect", "wind", "During your End Phase, ...pt "Red-Eyes B. Chick".", "1800", "1600", "4", "3", "", "", ""]
Interesting message: Duel ["Move", "hand2", "43", "field2", "5", "false", "false", "", "", "17", "00295517", "A Legendary Ocean", "16.scf", "Umi", "spell", "field", "", "This card's name is tre...monsters by 200 points.", "?", "?", "", "3", "", "", ""]
Interesting message: Duel ["Move", "hand2", "42", "field2", "2", "true", "false", "", ""]
Interesting message: Duel ["Move", "hand2", "41", "field2", "9", "false", "false", "", "special", "1857", "43793530", "Giga Gagagigo", "1274.scf", "Giga Gagagigo", "normal", "Reptile", "water", "In order to fight treme...art and his redemption.", "2450", "1500", "5", "3", "", "", ""]
Interesting message: Duel ["Move", "hand2", "44", "field2", "7", "true", "true", "", ""]
Interesting message: Duel ["Move", "hand2", "40", "grave2", "", "false", "false", "", "", "3517", "88264978", "Red-Eyes Darkness Metal Dragon", "2323.scf", "Red-Eyes Darkness Metal Dragon", "effect", "Dragon/Effect", "dark", "You can remove from pla...your hand or Graveyard.", "2800", "2400", "10", "3", "", "", ""]
Interesting message: Duel ["Move", "field2", "42", "hand2", "", "true", "false", "", ""]
Interesting message: Duel ["Phase", "m1", "simonlindholm2"]
Interesting message: Duel ["Phase", "bp", "simonlindholm2"]
Interesting message: Duel ["Attack", "field2", "41", "1"]
Interesting message: Duel ["Phase", "et", "simonlindholm2"]
Interesting message: Duel ["Phase", "dp", "simonlindholm3", "true"]
Interesting message: Watch message ["simonlindholm3", "Hello.", "0"]
Interesting message: Duel ["Move", "field1", "1", "field1", "8", "false", "true", "", ""]
Interesting message: Duel ["Reveal and move", "hand1", "5", "hand1", "", "true", "false", "", "", "251", "20277860", "Armored Zombie", "177.scf", "Armored Zombie", "normal", "Zombie", "dark", "This warrior blindly sw...with devastating force.", "1500", "0", "3", "3", "", "", ""]
Interesting message: Duel ["Hand shuffle", "hand1", "84"]
Interesting message: Duel ["Move", "hand1", "86", "deck1", "", "true", "false", "", ""]
Interesting message: Duel ["Move", "hand1", "85", "rfg1", "", "false", "false", "", "", "1255", "66672569", "Dragon Zombie", "917.scf", "Dragon Zombie", "normal", "Zombie", "dark", "A dragon revived by sor...th is highly corrosive.", "1600", "0", "3", "3", "", "", ""]
Interesting message: Duel ["Move", "hand1", "84", "field1", "9", "false", "false", "", "", "296", "75081613", "Aztekipede, the Worm Warrior", "203.scf", "Aztekipede, the Worm Warrior", "effect", "Insect/Effect", "earth", "This card cannot be Nor... Deck to the Graveyard.", "1900", "400", "4", "3", "", "", ""]
Interesting message: Duel ["Life points", "simonlindholm3", "7800"]
Interesting message: Duel ["Token", "field1", "90", "7"]
Interesting message: Duel ["Coin", "simonlindholm3", "heads"]
Interesting message: Duel ["Die", "simonlindholm3", "2"]
Interesting message: Duel ["Die", "simonlindholm3", "5"]
Interesting message: Duel ["Die", "simonlindholm3", "1"]
Interesting message: Duel ["Phase", "ep", "simonlindholm3"]
Interesting message: Duel ["Move", "field1", "84", "field1", "9", "false", "true", "", ""]
Interesting message: Duel ["Move", "field1", "84", "field2", "10", "false", "true", "", ""]
Interesting message: Duel ["Phase", "et", "simonlindholm3"]
Interesting message: Duel ["Phase", "dp", "simonlindholm2", "true"]
Interesting message: Duel ["Move", "hand2", "46", "field2", "2", "false", "false", "", "", "2081", "74519184", "Hand Destruction", "1436.scf", "Hand Destruction", "spell", "quickplay", "", "Each player sends 2 car...yard and draws 2 cards.", "?", "?", "", "3", "", "", ""]
Interesting message: Duel ["Status2", "Viewing Deck"]
Interesting message: Duel ["Move", "deck2", "76", "field2", "6", "false", "false", "", "special", "513", "89631139", "Blue-Eyes White Dragon", "331.scf", "Blue-Eyes White Dragon", "normal", "Dragon", "light", "This legendary dragon i...lived to tell the tale.", "3000", "2500", "8", "3", "", "", ""]
Interesting message: Duel ["Move", "deck2", "77", "rfg2", "", "true", "false", "", ""]
Interesting message: Duel ["Move", "deck2", "78", "rfg2", "", "false", "false", "", "", "168", "10667321", "Ancient Rules", "114.scf", "Ancient Rules", "spell", "normal", "", "Special Summon 1 Level ...Monster from your hand.", "?", "?", "", "3", "", "", ""]
Interesting message: Duel ["Status2", ""]
Interesting message: Duel ["Shuffle", "deck2", "91"]
Interesting message: Duel ["Move", "deck2", "", "grave2", "", "false", "false", "", "", "1857", "43793530", "Giga Gagagigo", "1274.scf", "Giga Gagagigo", "normal", "Reptile", "water", "In order to fight treme...art and his redemption.", "2450", "1500", "5", "3", "", "", ""]
>> Communicator.send(['Watch message', "Hello."])
Interesting message: Watch message ["simonlindholm", "Hello.", "0"]
Interesting message: Duel ["Move", "field2", "46", "hand2", "", "true", "false", "", ""]
Interesting message: Duel ["Hand shuffle", "hand2", "125"]
Interesting message: Duel ["Hand shuffle", "hand2", "127"]
Interesting message: Duel ["Status1", "Viewing Opponent's Hand"]
Interesting message: Duel ["Status1", ""]
Interesting message: Duel ["Hand shuffle", "hand2", "129"]
Interesting message: Duel ["Status1", "Viewing Opponent's Banished"]
Interesting message: Duel ["Status1", ""]
Interesting message: Duel ["Status2", "Viewing Opponent's Banished"]
Interesting message: Duel ["Status2", ""]
Interesting message: Player quit ["simonlindholm3"]
Interesting message: Player quit ["simonlindholm2"]
