>> Watch duel,tu,simonlindholm2 (100/0) | simonlindholm (100/0),655777262bc1491ab037cb2071b0439c,password
<< Watch duel,Duel,simonlindholm2,0/1.jpg,,255,255,100,0,false,simonlindholm,0/1.jpg,,255,255,100,0,false,simonlindholm3\,0,dp,true,false,8000,8000,Viewing Extra Deck,,deck1,43,,true,false,true,false,deck1,42,,true,false,true,false,deck1,41,,true,false,true,false,deck1,40,,true,false,true,false,deck1,39,,true,false,true,false,deck1,38,,true,false,true,false,deck1,37,,true,false,true,false,deck1,36,,true,false,true,false,deck1,35,,true,false,true,false,deck1,34,,true,false,true,false,deck1,33,,true,false,true,false,deck1,32,,true,false,true,false,deck1,31,,true,false,true,false,deck1,30,,true,false,true,false,deck1,29,,true,false,true,false,deck1,28,,true,false,true,false,deck1,27,,true,false,true,false,deck1,26,,true,false,true,false,deck1,25,,true,false,true,false,deck1,24,,true,false,true,false,deck1,23,,true,false,true,false,deck1,22,,true,false,true,false,deck1,21,,true,false,true,false,deck1,20,,true,false,true,false,deck1,19,,true,false,true,false,deck1,18,,true,false,true,false,deck1,17,,true,false,true,false,deck1,16,,true,false,true,false,deck1,15,,true,false,true,false,deck1,14,,true,false,true,false,deck1,13,,true,false,true,false,deck1,12,,true,false,true,false,deck1,11,,true,false,true,false,deck1,10,,true,false,true,false,deck1,9,,true,false,true,false,deck1,8,,true,false,true,false,deck1,7,,true,false,true,false,deck1,6,,true,false,true,false,deck2,83,,true,false,false,false,deck2,82,,true,false,false,false,deck2,81,,true,false,false,false,deck2,80,,true,false,false,false,deck2,79,,true,false,false,false,deck2,78,,true,false,false,false,deck2,77,,true,false,false,false,deck2,76,,true,false,false,false,deck2,75,,true,false,false,false,deck2,74,,true,false,false,false,deck2,73,,true,false,false,false,deck2,72,,true,false,false,false,deck2,71,,true,false,false,false,deck2,70,,true,false,false,false,deck2,69,,true,false,false,false,deck2,68,,true,false,false,false,deck2,67,,true,false,false,false,deck2,66,,true,false,false,false,deck2,65,,true,false,false,false,deck2,64,,true,false,false,false,deck2,63,,true,false,false,false,deck2,62,,true,false,false,false,deck2,61,,true,false,false,false,deck2,60,,true,false,false,false,deck2,59,,true,false,false,false,deck2,58,,true,false,false,false,deck2,57,,true,false,false,false,deck2,56,,true,false,false,false,deck2,55,,true,false,false,false,deck2,54,,true,false,false,false,deck2,53,,true,false,false,false,deck2,52,,true,false,false,false,deck2,51,,true,false,false,false,deck2,50,,true,false,false,false,hand1,0,,true,false,true,false,hand1,3,,true,false,true,false,extra1,84,,true,false,true,false,extra1,85,,true,false,true,false,extra1,86,,true,false,true,false,extra1,87,,true,false,true,false,extra2,88,,true,false,false,false,extra2,89,,true,false,false,false,extra2,90,,true,false,false,false,extra2,91,,true,false,false,false,extra2,92,,true,false,false,false,extra2,93,,true,false,false,false,extra2,94,,true,false,false,false,extra2,95,,true,false,false,false,extra2,96,,true,false,false,false,extra2,97,,true,false,false,false,extra2,98,,true,false,false,false,extra2,99,,true,false,false,false,extra2,101,,true,false,false,false,grave1,4,,false,false,true,true,4436,38120068,Trade-In,2917.scf,Trade-In,spell,normal,,Discard 1 Level 8 monster. Draw 2 cards.,?,?,,3,,,,grave2,44,,false,false,false,true,1178,81674782,Dimensional Fissure,865.scf,Dimensional Fissure,spell,continuous,,Any monster sent to the Graveyard is banished instead.,?,?,,3,,,,rfg2,45,,false,false,false,true,2841,44656491,Messenger of Peace,1896.scf,Messenger of Peace,spell,continuous,,During each of your Standby Phases pay 100 Life Points or destroy this card. Neither player can declare attacks with face-up monsters with 1500 or more ATK.,?,?,,3,,,,rfg2,49,,false,false,false,true,926,07572887,D.D. Warrior Lady,661.scf,D.D. Warrior Lady,effect,Warrior/Effect,light,When this card battles with your opponent's monster\, after damage calculation you can remove from play the opponent's monster and this card.,1500,1600,4,3,,,,field1,1,3,true,false,true,false,field1,2,8,true,true,true,false,field2,48,2,false,false,false,true,1991,16762927,Gravekeeper's Servant,1369.scf,Gravekeeper's Servant,spell,continuous,,Your opponent cannot declare an attack unless they send 1 card from the top of their Deck to the Graveyard.,?,?,,3,,,,field2,46,3,false,false,false,true,4944,83764718,Monster Reborn,1970.scf,Monster Reborn,spell,normal,,Special Summon 1 monster from either player's Graveyard to your side of the field.,?,?,,1,,,,field2,100,9,false,false,false,true,1724,97204936,Gaia Knight\, the Force of Earth,1225.scf,Gaia Knight\, the Force of Earth,synchro,Warrior/Synchro,earth,1 Tuner + 1 or more non-Tuner Monsters,2600,800,6,3,,,,underlay2,47,0,false,false,false,true,3095,28297833,Necroface,2029.scf,Necroface,effect,Zombie/Effect,dark,When this card is Normal Summoned\, shuffle all removed from play cards into their owners' Decks. This card gains 100 ATK for each of those cards. When this card is removed from play\, both players remove from play the top 5 cards of their Deck.,1200,1800,4,1,,,,field2,102,8,false,false,false,true,5100,05014629,Submersible Carrier Aero Shark,SubmersibleCarrierAeroSharkVG-TF06-JP.jpg,Submersible Carrier Aero Shark,xyz,Fish/Xyz/Effect,water,2 Level 3 monsters
Once per turn: You can detach 1 Xyz Material from this card; inflict 100 damage to your opponent for each of your banished monsters.,1900,1000,3,3,,,,field2,5,7,false,false,true,true,3517,88264978,Red-Eyes Darkness Metal Dragon,2323.scf,Red-Eyes Darkness Metal Dragon,effect,Dragon/Effect,dark,You can Special Summon this card (from your hand) by banishing 1 face-up Dragon-Type monster you control. Once per turn: You can Special Summon 1 Dragon-Type monster from your hand or Graveyard\, except "Red-Eyes Darkness Metal Dragon".,2800,2400,10,3,,,
>> Unsubscribe
<< Duel,Move,extra1,87,field1,9,false,true,,special,1604,99267150,Five-Headed Dragon,1146.scf,Five-Headed Dragon,fusion,Dragon/Fusion/Effect,dark,5 Dragon-Type monsters
This monster cannot be Special Summoned except by Fusion Summon. This card cannot be destroyed by battle with an EARTH\, WATER\, FIRE\, WIND\, or DARK monster. (Damage calculation is applied normally.),5000,5000,12,3,959736,22736,5311a0f80d527620c63bc28fe77d892e
<< Duel,Status1,
<< Duel,Move,hand1,3,deck1,,true,false,,
<< Duel,Move,hand1,0,deck1,,true,false,,
<< Duel,Move,deck1,,hand1,,true,false,,
<< Duel,Move,deck1,,hand1,,true,false,,
<< Duel,Move,hand1,3,deck1,,true,false,,
<< Duel,Move,deck1,,hand1,,true,false,,
<< Duel,Move,deck1,,hand1,,true,false,,
<< Duel,Move,hand1,6,deck1_bottom,,true,false,,
<< Duel,Move,hand1,3,deck1_bottom,,true,false,,
<< Duel,Move,field1,87,field1,2,false,false,,
<< Duel,Move,field1,2,hand1,,true,false,,
<< Duel,Hand shuffle,hand1,103
<< Duel,Move,hand1,103,field1,8,true,true,,
<< Duel,Move,field1,103,hand1,,true,false,,
<< Duel,Hand shuffle,hand1,105
<< Duel,Move,hand1,105,field1,1,false,false,,,4944,83764718,Monster Reborn,1970.scf,Monster Reborn,spell,normal,,Special Summon 1 monster from either player's Graveyard to your side of the field.,?,?,,1,43769,17712,2a60eb218f2a2043504976f8c3bb8ef9
<< Duel,Move,field1,105,hand1,,true,false,,
<< Duel,Hand shuffle,hand1,107
<< Duel,Move,hand1,108,field1,1,false,false,,,4944,83764718,Monster Reborn,1970.scf,Monster Reborn,spell,normal,,Special Summon 1 monster from either player's Graveyard to your side of the field.,?,?,,1,43769,17712,2a60eb218f2a2043504976f8c3bb8ef9
>> Load duel room
<< Load duel room,0,All-Out,false,Old Simochi,true,Warrior/Zombie,true
>> Exit duel room
