>> Watch duel,tu,simonlindholm3 (100/0) | simonlindholm2 (100/0),44401fae53b64d5b9efc1cf292dc0162,test
<< Watch duel,Duel,simonlindholm3,0/1.jpg,,255,255,100,0,false,simonlindholm2,0/1.jpg,,255,255,100,0,false,simonlindholm\,0,,dp,true,false,8000,8000,,,deck1,43,,true,false,true,false,deck1,42,,true,false,true,false,deck1,41,,true,false,true,false,deck1,40,,true,false,true,false,deck1,39,,true,false,true,false,deck1,38,,true,false,true,false,deck1,37,,true,false,true,false,deck1,36,,true,false,true,false,deck1,35,,true,false,true,false,deck1,34,,true,false,true,false,deck1,33,,true,false,true,false,deck1,32,,true,false,true,false,deck1,31,,true,false,true,false,deck1,30,,true,false,true,false,deck1,29,,true,false,true,false,deck1,28,,true,false,true,false,deck1,27,,true,false,true,false,deck1,26,,true,false,true,false,deck1,25,,true,false,true,false,deck1,24,,true,false,true,false,deck1,23,,true,false,true,false,deck1,22,,true,false,true,false,deck1,21,,true,false,true,false,deck1,20,,true,false,true,false,deck1,19,,true,false,true,false,deck1,18,,true,false,true,false,deck1,17,,true,false,true,false,deck1,16,,true,false,true,false,deck1,15,,true,false,true,false,deck1,14,,true,false,true,false,deck1,13,,true,false,true,false,deck1,12,,true,false,true,false,deck1,11,,true,false,true,false,deck1,10,,true,false,true,false,deck1,9,,true,false,true,false,deck1,8,,true,false,true,false,deck1,7,,true,false,true,false,deck1,6,,true,false,true,false,deck2,87,,true,false,false,false,deck2,86,,true,false,false,false,deck2,85,,true,false,false,false,deck2,84,,true,false,false,false,deck2,83,,true,false,false,false,deck2,82,,true,false,false,false,deck2,81,,true,false,false,false,deck2,80,,true,false,false,false,deck2,79,,true,false,false,false,deck2,78,,true,false,false,false,deck2,77,,true,false,false,false,deck2,76,,true,false,false,false,deck2,75,,true,false,false,false,deck2,74,,true,false,false,false,deck2,73,,true,false,false,false,deck2,72,,true,false,false,false,deck2,71,,true,false,false,false,deck2,70,,true,false,false,false,deck2,69,,true,false,false,false,deck2,68,,true,false,false,false,deck2,67,,true,false,false,false,deck2,66,,true,false,false,false,deck2,65,,true,false,false,false,deck2,64,,true,false,false,false,deck2,63,,true,false,false,false,deck2,62,,true,false,false,false,deck2,61,,true,false,false,false,deck2,60,,true,false,false,false,deck2,59,,true,false,false,false,deck2,58,,true,false,false,false,deck2,57,,true,false,false,false,deck2,56,,true,false,false,false,deck2,55,,true,false,false,false,deck2,54,,true,false,false,false,deck2,53,,true,false,false,false,deck2,52,,true,false,false,false,deck2,51,,true,false,false,false,deck2,50,,true,false,false,false,deck2,49,,true,false,false,false,hand1,0,,true,false,true,false,hand1,1,,true,false,true,false,hand1,2,,true,false,true,false,hand1,3,,true,false,true,false,hand1,4,,true,false,true,false,extra1,88,,true,false,true,false,extra1,89,,true,false,true,false,extra1,90,,true,false,true,false,extra1,91,,true,false,true,false,extra1,92,,true,false,true,false,extra1,93,,true,false,true,false,extra1,94,,true,false,true,false,extra1,95,,true,false,true,false,extra1,96,,true,false,true,false,extra1,97,,true,false,true,false,extra1,98,,true,false,true,false,extra1,99,,true,false,true,false,extra2,100,,true,false,false,false,extra2,102,,true,false,false,false,extra2,103,,true,false,false,false,grave2,48,,false,false,false,true,2731,09433350,Malefic Blue-Eyes White Dragon,2731.jpg,Malefic Blue-Eyes White Dragon,effect,Dragon/Effect,dark,This card cannot be Normal Summoned or Set. This card can only be Special Summoned by removing from play 1 "Blue-Eyes White Dragon" from your Deck. There can only be 1 face-up "Malefic" monster on the field. Other monsters you control cannot declare an attack. If there is no face-up Field Spell Card on the field\, destroy this card.,3000,2500,8,3,,,,grave2,47,,false,false,false,true,3517,88264978,Red-Eyes Darkness Metal Dragon,2323.scf,Red-Eyes Darkness Metal Dragon,effect,Dragon/Effect,dark,You can Special Summon this card (from your hand) by banishing 1 face-up Dragon-Type monster you control. Once per turn: You can Special Summon 1 Dragon-Type monster from your hand or Graveyard\, except "Red-Eyes Darkness Metal Dragon".,2800,2400,10,3,,,,grave2,44,,false,false,false,true,1075,02732323,Decoy Dragon,781.scf,Decoy Dragon,effect,Dragon/Effect,fire,When this card is selected as an attack target by your opponent's monster\, select 1 Level 7 or higher Dragon-Type monster from your Graveyard\, Special Summon it and switch the attack target to that monster.,300,200,2,3,,,,rfg2,45,,false,false,false,true,4944,83764718,Monster Reborn,1970.scf,Monster Reborn,spell,normal,,Special Summon 1 monster from either player's Graveyard to your side of the field.,?,?,,1,,,,field1,5,2,true,false,true,false,field1,105,3,false,false,false,true,-1,,,,,,,,,?,?,,0,,,,field1,46,9,false,false,false,true,513,89631139,Blue-Eyes White Dragon,331.scf,Blue-Eyes White Dragon,normal,Dragon,light,This legendary dragon is a powerful engine of destruction. Virtually invincible\, very few have faced this awesome creature and lived to tell the tale.,3000,2500,8,3,,,,field1,107,8,false,false,true,true,-1,,,,,,,,,?,?,,0,,,,field2,104,9,false,true,false,true,-1,,,,,,,,,?,?,,0,,,,field2,106,10,false,true,false,true,-1,,,,,,,,,?,?,,0,,,,field2,108,7,false,true,false,true,-1,,,,,,,,,?,?,,0,,,,field2,101,8,false,false,false,true,5106,00698785,Thunder End Dragon,ThunderEndDragonVG-TF06-JP.jpg,Thunder End Dragon,xyz,Dragon/Xyz/Effect,light,2 Level 8 Normal Monsters
Once per turn: You can detach 1 Xyz Material from this card; destroy all other monsters on the field.,3000,2000,8,3,,,
>> Unsubscribe
>> Watch message,yo
<< Watch message,simonlindholm,yo,0
<< Chat unlock
>> Watch message,hi
<< Watch message,simonlindholm,hi,0
<< Chat unlock
<< Watch message,simonlindholm2,yo,0
>> Watch message,yo
<< Watch message,simonlindholm,yo,0
<< Chat unlock
<< Watch message,simonlindholm3,yo,0
<< Duel,Token,field2,109,6
<< Duel,Move,field2,108,field2,2,false,false,,
<< Duel,Move,field2,109,field1,7,false,true,,
<< Duel,Move,field2,101,extra2,,true,false,,
<< Duel,Status2,Viewing Extra Deck
<< Duel,Status2,
<< Duel,Status1,Viewing Opponent's Extra Deck
<< Duel,Status2,Viewing Graveyard
<< Duel,Status2,
