>> Watch duel,tu,simonlindholm3 (100/0) | simonlindholm2 (100/0),6702d85a1f7340e7b9840977c326ac53,test
<< Watch duel,Duel,simonlindholm3,0/1.jpg,,255,255,100,0,false,simonlindholm2,0/1.jpg,,255,255,100,0,false,simonlindholm\,0,,dp,true,false,8000,8000,,,deck1,43,,true,false,true,false,deck1,42,,true,false,true,false,deck1,41,,true,false,true,false,deck1,40,,true,false,true,false,deck1,39,,true,false,true,false,deck1,38,,true,false,true,false,deck1,37,,true,false,true,false,deck1,36,,true,false,true,false,deck1,35,,true,false,true,false,deck1,34,,true,false,true,false,deck1,33,,true,false,true,false,deck1,32,,true,false,true,false,deck1,31,,true,false,true,false,deck1,30,,true,false,true,false,deck1,29,,true,false,true,false,deck1,28,,true,false,true,false,deck1,27,,true,false,true,false,deck1,26,,true,false,true,false,deck1,25,,true,false,true,false,deck1,24,,true,false,true,false,deck1,23,,true,false,true,false,deck1,22,,true,false,true,false,deck1,21,,true,false,true,false,deck1,20,,true,false,true,false,deck1,19,,true,false,true,false,deck1,18,,true,false,true,false,deck1,17,,true,false,true,false,deck1,16,,true,false,true,false,deck1,15,,true,false,true,false,deck1,14,,true,false,true,false,deck1,13,,true,false,true,false,deck1,12,,true,false,true,false,deck1,11,,true,false,true,false,deck1,10,,true,false,true,false,deck1,9,,true,false,true,false,deck1,8,,true,false,true,false,deck1,7,,true,false,true,false,deck1,6,,true,false,true,false,deck2,87,,true,false,false,false,deck2,86,,true,false,false,false,deck2,85,,true,false,false,false,deck2,84,,true,false,false,false,deck2,83,,true,false,false,false,deck2,82,,true,false,false,false,deck2,81,,true,false,false,false,deck2,80,,true,false,false,false,deck2,79,,true,false,false,false,deck2,78,,true,false,false,false,deck2,77,,true,false,false,false,deck2,76,,true,false,false,false,deck2,75,,true,false,false,false,deck2,74,,true,false,false,false,deck2,73,,true,false,false,false,deck2,72,,true,false,false,false,deck2,71,,true,false,false,false,deck2,70,,true,false,false,false,deck2,69,,true,false,false,false,deck2,68,,true,false,false,false,deck2,67,,true,false,false,false,deck2,66,,true,false,false,false,deck2,65,,true,false,false,false,deck2,64,,true,false,false,false,deck2,63,,true,false,false,false,deck2,62,,true,false,false,false,deck2,61,,true,false,false,false,deck2,60,,true,false,false,false,deck2,59,,true,false,false,false,deck2,58,,true,false,false,false,deck2,57,,true,false,false,false,deck2,56,,true,false,false,false,deck2,55,,true,false,false,false,deck2,54,,true,false,false,false,deck2,53,,true,false,false,false,deck2,52,,true,false,false,false,deck2,51,,true,false,false,false,deck2,50,,true,false,false,false,deck2,49,,true,false,false,false,hand1,0,,true,false,true,false,hand1,1,,true,false,true,false,hand1,4,,true,false,true,false,hand1,5,,true,false,true,false,hand2,44,,true,false,false,false,hand2,45,,true,false,false,false,hand2,46,,true,false,false,false,hand2,47,,true,false,false,false,hand2,48,,true,false,false,false,extra1,88,,true,false,true,false,extra1,89,,true,false,true,false,extra1,90,,true,false,true,false,extra1,91,,true,false,true,false,extra1,92,,true,false,true,false,extra1,93,,true,false,true,false,extra1,94,,true,false,true,false,extra1,97,,true,false,true,false,extra1,98,,true,false,true,false,extra2,100,,true,false,false,false,extra2,101,,true,false,false,false,extra2,102,,true,false,false,false,extra2,103,,true,false,false,false,underlay1,99,0,false,false,true,true,5098,10002346,Gachi Gachi Gantetsu,GachiGachiGantetsuVG-TF06-JP.jpg,Gachi Gachi Gantetsu,xyz,Rock/Xyz/Effect,earth,2 Level 2 monsters
If this face-up card would be destroyed\, you can detach 1 Xyz Material from this card instead. Face-up monsters you control gain 200 ATK and DEF for each Xyz Material attached to this card.,500,1800,2,3,,,,underlay1,3,0,false,false,true,true,3954,58551308,Spear Cretin,2609.scf,Spear Cretin,effect,Fiend/Effect,dark,FLIP: When this card is sent to the Graveyard after being flipped\, each player Special Summons 1 monster from their Graveyard in face-up Attack Position or face-down Defense Position.,500,500,2,3,,,,field1,95,9,false,false,true,true,5096,69610924,Number 17: Leviathan Dragon,Number17LeviathanDragonVG-TF06-JP.jpg,Number 17: Leviathan Dragon,xyz,Dragon/Xyz/Effect,water,2 Level 3 monsters
Once per turn: You can detach 1 Xyz Material from this card; this card gains 500 ATK. If this card has no Xyz Material\, it cannot attack your opponent directly.,2000,0,3,3,,,,underlay1,2,0,false,false,true,true,595,74440055,Cactus Fighter,3490.scf,Cactus Fighter,effect,Plant/Effect,earth,If this card destroys an opponent's monster by battle\, Special Summon 1 "Needle Token" (Plant/EARTH/Level 1/ATK 500/DEF 500) to your opponent's side of the field in Defense Position.,1900,400,4,3,,,,field1,96,8,false,true,true,true,5095,84013237,Number 39: Utopia,Number39UtopiaVG-TF06-JP.jpg,Number 39: Utopia,xyz,Warrior/Xyz/Effect,light,2 Level 4 monsters
When any player's monster declares an attack: You can detach 1 Xyz Material from this card; negate the attack. When this card is targeted for an attack\, while it has no Xyz Materials: Destroy this card.,2500,2000,4,3,,,
>> Unsubscribe
<< Duel,Move,field1,96,field2,8,false,true,,
<< Duel,Move,field1,95,field1,2,false,false,,
<< Duel,Move,underlay,99,grave1,,false,false,,
<< Duel,Move,underlay,2,rfg1,,false,false,,
<< Duel,Move,field2,96,field1,8,false,true,,
<< Duel,Move,field1,95,field1,9,false,false,,
<< Duel,Move,field1,95,field1,9,true,true,,
<< Duel,Move,field1,95,field1,9,false,false,,,5096,69610924,Number 17: Leviathan Dragon,Number17LeviathanDragonVG-TF06-JP.jpg,Number 17: Leviathan Dragon,xyz,Dragon/Xyz/Effect,water,2 Level 3 monsters
Once per turn: You can detach 1 Xyz Material from this card; this card gains 500 ATK. If this card has no Xyz Material\, it cannot attack your opponent directly.,2000,0,3,3,,,
<< Duel,Status1,Viewing Extra Deck
<< Duel,Overlay,extra1,97,field1,95,true,5152,56840427,Number C39: Utopia Ray,5152a.jpg,Number C39: Utopia Ray,xyz,Warrior/Xyz/Effect,light,3 Level 4 LIGHT monsters
You can also Xyz Summon this card by using a "Number 39: Utopia" you control as the Xyz Material. (Xyz Materials attached to that monster also become Xyz Materials on this card.) You can detach 1 Xyz Material from this card; it gains 500 ATK and 1 monster your opponent controls loses 1000 ATK\, until the End Phase. You must have 1000 Life Points or less to activate and to resolve this effect.,2500,2000,4,3,984160,16992,07f19092788da6f0403aca82cb239e7b
<< Duel,Overlay,extra1,98,field1,96,true,5101,37926346,Steelswarm Roach,SteelswarmRoachVG-TF06-JP.jpg,Steelswarm Roach,xyz,Fiend/Xyz/Effect,dark,2 Level 4 monsters
When a Level 5 or higher monster would be Special Summoned: You can detach 1 Xyz Material from this card; negate the Special Summon and destroy it.,1900,0,4,3,1002664,18592,e09a22259c1991f354a3eaa5166e166e
<< Duel,Status1,
<< Duel,Move,underlay,96,grave1,,false,false,,
<< Duel,Move,underlay,95,grave1,,false,false,,
<< Duel,Move,underlay,3,grave1,,false,false,,
<< Duel,Status1,Viewing Extra Deck
<< Duel,Status1,
<< Duel,Status1,Viewing Graveyard
<< Duel,Reveal and move,grave1,99,extra1,,true,false,,
<< Duel,Status1,
<< Duel,Status1,Viewing Extra Deck
<< Duel,Overlay,extra1,99,field1,97,false,5098,10002346,Gachi Gachi Gantetsu,GachiGachiGantetsuVG-TF06-JP.jpg,Gachi Gachi Gantetsu,xyz,Rock/Xyz/Effect,earth,2 Level 2 monsters
If this face-up card would be destroyed\, you can detach 1 Xyz Material from this card instead. Face-up monsters you control gain 200 ATK and DEF for each Xyz Material attached to this card.,500,1800,2,3,,,
<< Duel,Status1,
<< Duel,Overlay,field1,99,field1,98,false
<< Duel,Move,hand1,4,field1,9,false,false,,,3695,26202165,Sangan,2438.scf,Sangan,effect,Fiend/Effect,dark,When this card is sent from the field to the Graveyard: Add 1 monster with 1500 or less ATK from your Deck to your hand.,1000,600,3,1,34701,15760,f9175f218859d6d4901621764708d14b
<< Duel,Move,hand1,1,field1,2,true,false,,
<< Duel,Move,field1,1,field1,2,false,false,,,4904,79852326,Zoma the Spirit,3185.scf,Zoma the Spirit,trap,continuous,,After activation\, Special Summon this card in Defense Position; it is treated as an Effect Monster Card (Zombie-Type/DARK/Level 4/ATK 1800/DEF 500). If this card is destroyed by battle\, inflict damage to your opponent equal to the ATK of the monster that destroyed it. (This card is also still treated as a Trap Card.),?,?,,3,18968,14560,239679622ebf3ec91fc67a4cee65af13
<< Duel,Move,field1,1,field1,7,false,false,,
<< Duel,Overlay,field1,99,field1,1,false
<< Duel,Move,underlay,97,grave1,,false,false,,
<< Duel,Move,underlay,98,grave1,,false,false,,
<< Duel,Move,underlay,1,grave1,,false,false,,
<< Duel,Move,field1,4,field1,9,false,true,,
<< Duel,Life points,simonlindholm3,0
<< Lose
<< Player quit,simonlindholm2
